# JRE version: Java(TM) SE Runtime Environment (8.0_121-b13) (build 1.8.0_121-b13)
# Java VM: Java HotSpot(TM) 64-Bit Server VM (25.121-b13 mixed mode linux-amd64 compressed oops)
Heap:
 PSYoungGen      total 452608K, used 134658K [0x00000000e1580000, 0x0000000100000000, 0x0000000100000000)
  eden space 430592K, 28% used [0x00000000e1580000,0x00000000e8f0d458,0x00000000fba00000)
  from space 22016K, 46% used [0x00000000fba00000,0x00000000fc3f35f0,0x00000000fcf80000)
  to   space 36352K, 0% used [0x00000000fdc80000,0x00000000fdc80000,0x0000000100000000)
 ParOldGen       total 180736K, used 111407K [0x00000000a4000000, 0x00000000af080000, 0x00000000e1580000)
  object space 180736K, 61% used [0x00000000a4000000,0x00000000aaccbd78,0x00000000af080000)
 Metaspace       used 3748K, capacity 4680K, committed 4864K, reserved 1056768K
  class space    used 412K, capacity 432K, committed 512K, reserved 1048576K
GC Heap History (10 events):
Event: 203,346 GC heap before
{Heap before GC invocations=17 (full 0):
 PSYoungGen      total 470016K, used 468222K [0x00000000e1580000, 0x0000000100000000, 0x0000000100000000)
  eden space 443904K, 100% used [0x00000000e1580000,0x00000000fc700000,0x00000000fc700000)
  from space 26112K, 93% used [0x00000000fe680000,0x00000000ffe3f8f8,0x0000000100000000)
  to   space 29184K, 0% used [0x00000000fc700000,0x00000000fc700000,0x00000000fe380000)
 ParOldGen       total 62976K, used 43885K [0x00000000a4000000, 0x00000000a7d80000, 0x00000000e1580000)
  object space 62976K, 69% used [0x00000000a4000000,0x00000000a6adb460,0x00000000a7d80000)
 Metaspace       used 3740K, capacity 4680K, committed 4864K, reserved 1056768K
  class space    used 410K, capacity 432K, committed 512K, reserved 1048576K
Event: 203,477 GC heap after
Heap after GC invocations=17 (full 0):
 PSYoungGen      total 470016K, used 25725K [0x00000000e1580000, 0x0000000100000000, 0x0000000100000000)
  eden space 443904K, 0% used [0x00000000e1580000,0x00000000e1580000,0x00000000fc700000)
  from space 26112K, 98% used [0x00000000fc700000,0x00000000fe01f568,0x00000000fe080000)
  to   space 32256K, 0% used [0x00000000fe080000,0x00000000fe080000,0x0000000100000000)
 ParOldGen       total 67072K, used 66085K [0x00000000a4000000, 0x00000000a8180000, 0x00000000e1580000)
  object space 67072K, 98% used [0x00000000a4000000,0x00000000a8089460,0x00000000a8180000)
 Metaspace       used 3740K, capacity 4680K, committed 4864K, reserved 1056768K
  class space    used 410K, capacity 432K, committed 512K, reserved 1048576K
}
Event: 203,477 GC heap before
{Heap before GC invocations=18 (full 1):
 PSYoungGen      total 470016K, used 25725K [0x00000000e1580000, 0x0000000100000000, 0x0000000100000000)
  eden space 443904K, 0% used [0x00000000e1580000,0x00000000e1580000,0x00000000fc700000)
  from space 26112K, 98% used [0x00000000fc700000,0x00000000fe01f568,0x00000000fe080000)
  to   space 32256K, 0% used [0x00000000fe080000,0x00000000fe080000,0x0000000100000000)
 ParOldGen       total 67072K, used 66085K [0x00000000a4000000, 0x00000000a8180000, 0x00000000e1580000)
  object space 67072K, 98% used [0x00000000a4000000,0x00000000a8089460,0x00000000a8180000)
 Metaspace       used 3740K, capacity 4680K, committed 4864K, reserved 1056768K
  class space    used 410K, capacity 432K, committed 512K, reserved 1048576K
Event: 204,841 GC heap after
Heap after GC invocations=18 (full 1):
 PSYoungGen      total 470016K, used 8753K [0x00000000e1580000, 0x0000000100000000, 0x0000000100000000)
  eden space 443904K, 0% used [0x00000000e1580000,0x00000000e1580000,0x00000000fc700000)
  from space 26112K, 33% used [0x00000000fc700000,0x00000000fcf8c788,0x00000000fe080000)
  to   space 32256K, 0% used [0x00000000fe080000,0x00000000fe080000,0x0000000100000000)
 ParOldGen       total 111616K, used 66911K [0x00000000a4000000, 0x00000000aad00000, 0x00000000e1580000)
  object space 111616K, 59% used [0x00000000a4000000,0x00000000a8157ff0,0x00000000aad00000)
 Metaspace       used 3740K, capacity 4680K, committed 4864K, reserved 1056768K
  class space    used 410K, capacity 432K, committed 512K, reserved 1048576K
}
Event: 205,530 GC heap before
{Heap before GC invocations=19 (full 1):
 PSYoungGen      total 470016K, used 452657K [0x00000000e1580000, 0x0000000100000000, 0x0000000100000000)
  eden space 443904K, 100% used [0x00000000e1580000,0x00000000fc700000,0x00000000fc700000)
  from space 26112K, 33% used [0x00000000fc700000,0x00000000fcf8c788,0x00000000fe080000)
  to   space 32256K, 0% used [0x00000000fe080000,0x00000000fe080000,0x0000000100000000)
 ParOldGen       total 111616K, used 66911K [0x00000000a4000000, 0x00000000aad00000, 0x00000000e1580000)
  object space 111616K, 59% used [0x00000000a4000000,0x00000000a8157ff0,0x00000000aad00000)
 Metaspace       used 3740K, capacity 4680K, committed 4864K, reserved 1056768K
  class space    used 410K, capacity 432K, committed 512K, reserved 1048576K
Event: 205,695 GC heap after
Heap after GC invocations=19 (full 1):
 PSYoungGen      total 462848K, used 27244K [0x00000000e1580000, 0x0000000100000000, 0x0000000100000000)
  eden space 430592K, 0% used [0x00000000e1580000,0x00000000e1580000,0x00000000fba00000)
  from space 32256K, 84% used [0x00000000fe080000,0x00000000ffb1b010,0x0000000100000000)
  to   space 35840K, 0% used [0x00000000fba00000,0x00000000fba00000,0x00000000fdd00000)
 ParOldGen       total 111616K, used 75711K [0x00000000a4000000, 0x00000000aad00000, 0x00000000e1580000)
  object space 111616K, 67% used [0x00000000a4000000,0x00000000a89efff0,0x00000000aad00000)
 Metaspace       used 3740K, capacity 4680K, committed 4864K, reserved 1056768K
  class space    used 410K, capacity 432K, committed 512K, reserved 1048576K
}
Event: 206,295 GC heap before
{Heap before GC invocations=20 (full 1):
 PSYoungGen      total 462848K, used 457836K [0x00000000e1580000, 0x0000000100000000, 0x0000000100000000)
  eden space 430592K, 100% used [0x00000000e1580000,0x00000000fba00000,0x00000000fba00000)
  from space 32256K, 84% used [0x00000000fe080000,0x00000000ffb1b010,0x0000000100000000)
  to   space 35840K, 0% used [0x00000000fba00000,0x00000000fba00000,0x00000000fdd00000)
 ParOldGen       total 111616K, used 75711K [0x00000000a4000000, 0x00000000aad00000, 0x00000000e1580000)
  object space 111616K, 67% used [0x00000000a4000000,0x00000000a89efff0,0x00000000aad00000)
 Metaspace       used 3740K, capacity 4680K, committed 4864K, reserved 1056768K
  class space    used 410K, capacity 432K, committed 512K, reserved 1048576K
Event: 206,422 GC heap after
Heap after GC invocations=20 (full 1):
 PSYoungGen      total 452608K, used 21984K [0x00000000e1580000, 0x0000000100000000, 0x0000000100000000)
  eden space 430592K, 0% used [0x00000000e1580000,0x00000000e1580000,0x00000000fba00000)
  from space 22016K, 99% used [0x00000000fba00000,0x00000000fcf78000,0x00000000fcf80000)
  to   space 36352K, 0% used [0x00000000fdc80000,0x00000000fdc80000,0x0000000100000000)
 ParOldGen       total 111616K, used 102940K [0x00000000a4000000, 0x00000000aad00000, 0x00000000e1580000)
  object space 111616K, 92% used [0x00000000a4000000,0x00000000aa487000,0x00000000aad00000)
 Metaspace       used 3740K, capacity 4680K, committed 4864K, reserved 1056768K
  class space    used 410K, capacity 432K, committed 512K, reserved 1048576K
}
Event: 206,422 GC heap before
{Heap before GC invocations=21 (full 2):
 PSYoungGen      total 452608K, used 21984K [0x00000000e1580000, 0x0000000100000000, 0x0000000100000000)
  eden space 430592K, 0% used [0x00000000e1580000,0x00000000e1580000,0x00000000fba00000)
  from space 22016K, 99% used [0x00000000fba00000,0x00000000fcf78000,0x00000000fcf80000)
  to   space 36352K, 0% used [0x00000000fdc80000,0x00000000fdc80000,0x0000000100000000)
 ParOldGen       total 111616K, used 102940K [0x00000000a4000000, 0x00000000aad00000, 0x00000000e1580000)
  object space 111616K, 92% used [0x00000000a4000000,0x00000000aa487000,0x00000000aad00000)
 Metaspace       used 3740K, capacity 4680K, committed 4864K, reserved 1056768K
  class space    used 410K, capacity 432K, committed 512K, reserved 1048576K
Event: 207,682 GC heap after
Heap after GC invocations=21 (full 2):
 PSYoungGen      total 452608K, used 10189K [0x00000000e1580000, 0x0000000100000000, 0x0000000100000000)
  eden space 430592K, 0% used [0x00000000e1580000,0x00000000e1580000,0x00000000fba00000)
  from space 22016K, 46% used [0x00000000fba00000,0x00000000fc3f35f0,0x00000000fcf80000)
  to   space 36352K, 0% used [0x00000000fdc80000,0x00000000fdc80000,0x0000000100000000)
 ParOldGen       total 180736K, used 111407K [0x00000000a4000000, 0x00000000af080000, 0x00000000e1580000)
  object space 180736K, 61% used [0x00000000a4000000,0x00000000aaccbd78,0x00000000af080000)
 Metaspace       used 3740K, capacity 4680K, committed 4864K, reserved 1056768K
  class space    used 410K, capacity 432K, committed 512K, reserved 1048576K
}

