# JRE version: Java(TM) SE Runtime Environment (8.0_121-b13) (build 1.8.0_121-b13)
# Java VM: Java HotSpot(TM) 64-Bit Server VM (25.121-b13 mixed mode linux-amd64 compressed oops)
Heap:
 PSYoungGen      total 432640K, used 71678K [0x00000000e1580000, 0x00000000ff800000, 0x0000000100000000)
  eden space 370176K, 11% used [0x00000000e1580000,0x00000000e3fc0f90,0x00000000f7f00000)
  from space 62464K, 45% used [0x00000000fbb00000,0x00000000fd6bec08,0x00000000ff800000)
  to   space 61440K, 0% used [0x00000000f7f00000,0x00000000f7f00000,0x00000000fbb00000)
 ParOldGen       total 332288K, used 183071K [0x00000000a4000000, 0x00000000b8480000, 0x00000000e1580000)
  object space 332288K, 55% used [0x00000000a4000000,0x00000000af2c7d20,0x00000000b8480000)
 Metaspace       used 3742K, capacity 4680K, committed 4864K, reserved 1056768K
  class space    used 412K, capacity 432K, committed 512K, reserved 1048576K
GC Heap History (10 events):
Event: 4204,383 GC heap before
{Heap before GC invocations=55 (full 6):
 PSYoungGen      total 414720K, used 357568K [0x00000000e1580000, 0x00000000ff580000, 0x0000000100000000)
  eden space 340992K, 100% used [0x00000000e1580000,0x00000000f6280000,0x00000000f6280000)
  from space 73728K, 22% used [0x00000000fad80000,0x00000000fbdb0000,0x00000000ff580000)
  to   space 75264K, 0% used [0x00000000f6280000,0x00000000f6280000,0x00000000fac00000)
 ParOldGen       total 196608K, used 113953K [0x00000000a4000000, 0x00000000b0000000, 0x00000000e1580000)
  object space 196608K, 57% used [0x00000000a4000000,0x00000000aaf48458,0x00000000b0000000)
 Metaspace       used 3734K, capacity 4680K, committed 4864K, reserved 1056768K
  class space    used 410K, capacity 432K, committed 512K, reserved 1048576K
Event: 4204,446 GC heap after
Heap after GC invocations=55 (full 6):
 PSYoungGen      total 416256K, used 24210K [0x00000000e1580000, 0x00000000ff780000, 0x0000000100000000)
  eden space 340992K, 0% used [0x00000000e1580000,0x00000000e1580000,0x00000000f6280000)
  from space 75264K, 32% used [0x00000000f6280000,0x00000000f7a24808,0x00000000fac00000)
  to   space 70144K, 0% used [0x00000000fb300000,0x00000000fb300000,0x00000000ff780000)
 ParOldGen       total 196608K, used 130513K [0x00000000a4000000, 0x00000000b0000000, 0x00000000e1580000)
  object space 196608K, 66% used [0x00000000a4000000,0x00000000abf74458,0x00000000b0000000)
 Metaspace       used 3734K, capacity 4680K, committed 4864K, reserved 1056768K
  class space    used 410K, capacity 432K, committed 512K, reserved 1048576K
}
Event: 4204,879 GC heap before
{Heap before GC invocations=56 (full 6):
 PSYoungGen      total 416256K, used 365202K [0x00000000e1580000, 0x00000000ff780000, 0x0000000100000000)
  eden space 340992K, 100% used [0x00000000e1580000,0x00000000f6280000,0x00000000f6280000)
  from space 75264K, 32% used [0x00000000f6280000,0x00000000f7a24808,0x00000000fac00000)
  to   space 70144K, 0% used [0x00000000fb300000,0x00000000fb300000,0x00000000ff780000)
 ParOldGen       total 196608K, used 130513K [0x00000000a4000000, 0x00000000b0000000, 0x00000000e1580000)
  object space 196608K, 66% used [0x00000000a4000000,0x00000000abf74458,0x00000000b0000000)
 Metaspace       used 3734K, capacity 4680K, committed 4864K, reserved 1056768K
  class space    used 410K, capacity 432K, committed 512K, reserved 1048576K
Event: 4204,942 GC heap after
Heap after GC invocations=56 (full 6):
 PSYoungGen      total 423936K, used 17440K [0x00000000e1580000, 0x00000000ff500000, 0x0000000100000000)
  eden space 356352K, 0% used [0x00000000e1580000,0x00000000e1580000,0x00000000f7180000)
  from space 67584K, 25% used [0x00000000fb300000,0x00000000fc408000,0x00000000ff500000)
  to   space 67072K, 0% used [0x00000000f7180000,0x00000000f7180000,0x00000000fb300000)
 ParOldGen       total 196608K, used 154731K [0x00000000a4000000, 0x00000000b0000000, 0x00000000e1580000)
  object space 196608K, 78% used [0x00000000a4000000,0x00000000ad71ac60,0x00000000b0000000)
 Metaspace       used 3734K, capacity 4680K, committed 4864K, reserved 1056768K
  class space    used 410K, capacity 432K, committed 512K, reserved 1048576K
}
Event: 4205,390 GC heap before
{Heap before GC invocations=57 (full 6):
 PSYoungGen      total 423936K, used 373792K [0x00000000e1580000, 0x00000000ff500000, 0x0000000100000000)
  eden space 356352K, 100% used [0x00000000e1580000,0x00000000f7180000,0x00000000f7180000)
  from space 67584K, 25% used [0x00000000fb300000,0x00000000fc408000,0x00000000ff500000)
  to   space 67072K, 0% used [0x00000000f7180000,0x00000000f7180000,0x00000000fb300000)
 ParOldGen       total 196608K, used 154731K [0x00000000a4000000, 0x00000000b0000000, 0x00000000e1580000)
  object space 196608K, 78% used [0x00000000a4000000,0x00000000ad71ac60,0x00000000b0000000)
 Metaspace       used 3734K, capacity 4680K, committed 4864K, reserved 1056768K
  class space    used 410K, capacity 432K, committed 512K, reserved 1048576K
Event: 4205,513 GC heap after
Heap after GC invocations=57 (full 6):
 PSYoungGen      total 423424K, used 18272K [0x00000000e1580000, 0x00000000ff980000, 0x0000000100000000)
  eden space 356352K, 0% used [0x00000000e1580000,0x00000000e1580000,0x00000000f7180000)
  from space 67072K, 27% used [0x00000000f7180000,0x00000000f8358000,0x00000000fb300000)
  to   space 64000K, 0% used [0x00000000fbb00000,0x00000000fbb00000,0x00000000ff980000)
 ParOldGen       total 196608K, used 172179K [0x00000000a4000000, 0x00000000b0000000, 0x00000000e1580000)
  object space 196608K, 87% used [0x00000000a4000000,0x00000000ae824c60,0x00000000b0000000)
 Metaspace       used 3734K, capacity 4680K, committed 4864K, reserved 1056768K
  class space    used 410K, capacity 432K, committed 512K, reserved 1048576K
}
Event: 4205,513 GC heap before
{Heap before GC invocations=58 (full 7):
 PSYoungGen      total 423424K, used 18272K [0x00000000e1580000, 0x00000000ff980000, 0x0000000100000000)
  eden space 356352K, 0% used [0x00000000e1580000,0x00000000e1580000,0x00000000f7180000)
  from space 67072K, 27% used [0x00000000f7180000,0x00000000f8358000,0x00000000fb300000)
  to   space 64000K, 0% used [0x00000000fbb00000,0x00000000fbb00000,0x00000000ff980000)
 ParOldGen       total 196608K, used 172179K [0x00000000a4000000, 0x00000000b0000000, 0x00000000e1580000)
  object space 196608K, 87% used [0x00000000a4000000,0x00000000ae824c60,0x00000000b0000000)
 Metaspace       used 3734K, capacity 4680K, committed 4864K, reserved 1056768K
  class space    used 410K, capacity 432K, committed 512K, reserved 1048576K
Event: 4207,169 GC heap after
Heap after GC invocations=58 (full 7):
 PSYoungGen      total 423424K, used 0K [0x00000000e1580000, 0x00000000ff980000, 0x0000000100000000)
  eden space 356352K, 0% used [0x00000000e1580000,0x00000000e1580000,0x00000000f7180000)
  from space 67072K, 0% used [0x00000000f7180000,0x00000000f7180000,0x00000000fb300000)
  to   space 64000K, 0% used [0x00000000fbb00000,0x00000000fbb00000,0x00000000ff980000)
 ParOldGen       total 332288K, used 183071K [0x00000000a4000000, 0x00000000b8480000, 0x00000000e1580000)
  object space 332288K, 55% used [0x00000000a4000000,0x00000000af2c7d20,0x00000000b8480000)
 Metaspace       used 3734K, capacity 4680K, committed 4864K, reserved 1056768K
  class space    used 410K, capacity 432K, committed 512K, reserved 1048576K
}
Event: 4207,663 GC heap before
{Heap before GC invocations=59 (full 7):
 PSYoungGen      total 423424K, used 356352K [0x00000000e1580000, 0x00000000ff980000, 0x0000000100000000)
  eden space 356352K, 100% used [0x00000000e1580000,0x00000000f7180000,0x00000000f7180000)
  from space 67072K, 0% used [0x00000000f7180000,0x00000000f7180000,0x00000000fb300000)
  to   space 64000K, 0% used [0x00000000fbb00000,0x00000000fbb00000,0x00000000ff980000)
 ParOldGen       total 332288K, used 183071K [0x00000000a4000000, 0x00000000b8480000, 0x00000000e1580000)
  object space 332288K, 55% used [0x00000000a4000000,0x00000000af2c7d20,0x00000000b8480000)
 Metaspace       used 3734K, capacity 4680K, committed 4864K, reserved 1056768K
  class space    used 410K, capacity 432K, committed 512K, reserved 1048576K
Event: 4207,715 GC heap after
Heap after GC invocations=59 (full 7):
 PSYoungGen      total 432640K, used 28411K [0x00000000e1580000, 0x00000000ff800000, 0x0000000100000000)
  eden space 370176K, 0% used [0x00000000e1580000,0x00000000e1580000,0x00000000f7f00000)
  from space 62464K, 45% used [0x00000000fbb00000,0x00000000fd6bec08,0x00000000ff800000)
  to   space 61440K, 0% used [0x00000000f7f00000,0x00000000f7f00000,0x00000000fbb00000)
 ParOldGen       total 332288K, used 183071K [0x00000000a4000000, 0x00000000b8480000, 0x00000000e1580000)
  object space 332288K, 55% used [0x00000000a4000000,0x00000000af2c7d20,0x00000000b8480000)
 Metaspace       used 3734K, capacity 4680K, committed 4864K, reserved 1056768K
  class space    used 410K, capacity 432K, committed 512K, reserved 1048576K
}

